The system is: Linux - 4.15.0-142-generic - x86_64
Compiling the C compiler identification source file "CMakeCCompilerId.c" succeeded.
Compiler: /usr/bin/cc 
Build flags: 
Id flags: 

The output was:
0


Compilation of the C compiler identification source "CMakeCCompilerId.c" produced "a.out"

The C compiler identification is GNU, found in "/home/rtos-sim/Desktop/git-tutorial/CMakeFiles/3.5.1/CompilerIdC/a.out"

Compiling the CXX compiler identification source file "CMakeCXXCompilerId.cpp" succeeded.
Compiler: /usr/bin/c++ 
Build flags: 
Id flags: 

The output was:
0


Compilation of the CXX compiler identification source "CMakeCXXCompilerId.cpp" produced "a.out"

The CXX compiler identification is GNU, found in "/home/rtos-sim/Desktop/git-tutorial/CMakeFiles/3.5.1/CompilerIdCXX/a.out"

Determining if the C compiler works passed with the following output:
Change Dir: /home/rtos-sim/Desktop/git-tutorial/CMakeFiles/CMakeTmp

<<<<<<< HEAD
Run Build Command:"/usr/bin/make" "cmTC_1def7/fast"
/usr/bin/make -f CMakeFiles/cmTC_1def7.dir/build.make CMakeFiles/cmTC_1def7.dir/build
make[1]: Entering directory '/home/rtos-sim/Desktop/git-tutorial/CMakeFiles/CMakeTmp'
Building C object CMakeFiles/cmTC_1def7.dir/testCCompiler.c.o
/usr/bin/cc     -o CMakeFiles/cmTC_1def7.dir/testCCompiler.c.o   -c /home/rtos-sim/Desktop/git-tutorial/CMakeFiles/CMakeTmp/testCCompiler.c
Linking C executable cmTC_1def7
/usr/bin/cmake -E cmake_link_script CMakeFiles/cmTC_1def7.dir/link.txt --verbose=1
/usr/bin/cc       CMakeFiles/cmTC_1def7.dir/testCCompiler.c.o  -o cmTC_1def7 -rdynamic 
=======
Run Build Command:"/usr/bin/make" "cmTC_25206/fast"
/usr/bin/make -f CMakeFiles/cmTC_25206.dir/build.make CMakeFiles/cmTC_25206.dir/build
make[1]: Entering directory '/home/rtos-sim/Desktop/git-tutorial/CMakeFiles/CMakeTmp'
Building C object CMakeFiles/cmTC_25206.dir/testCCompiler.c.o
/usr/bin/cc     -o CMakeFiles/cmTC_25206.dir/testCCompiler.c.o   -c /home/rtos-sim/Desktop/git-tutorial/CMakeFiles/CMakeTmp/testCCompiler.c
Linking C executable cmTC_25206
/usr/bin/cmake -E cmake_link_script CMakeFiles/cmTC_25206.dir/link.txt --verbose=1
/usr/bin/cc       CMakeFiles/cmTC_25206.dir/testCCompiler.c.o  -o cmTC_25206 -rdynamic 
>>>>>>> conflicts
make[1]: Leaving directory '/home/rtos-sim/Desktop/git-tutorial/CMakeFiles/CMakeTmp'


Detecting C compiler ABI info compiled with the following output:
Change Dir: /home/rtos-sim/Desktop/git-tutorial/CMakeFiles/CMakeTmp

<<<<<<< HEAD
Run Build Command:"/usr/bin/make" "cmTC_055d8/fast"
/usr/bin/make -f CMakeFiles/cmTC_055d8.dir/build.make CMakeFiles/cmTC_055d8.dir/build
make[1]: Entering directory '/home/rtos-sim/Desktop/git-tutorial/CMakeFiles/CMakeTmp'
Building C object CMakeFiles/cmTC_055d8.dir/CMakeCCompilerABI.c.o
/usr/bin/cc     -o CMakeFiles/cmTC_055d8.dir/CMakeCCompilerABI.c.o   -c /usr/share/cmake-3.5/Modules/CMakeCCompilerABI.c
Linking C executable cmTC_055d8
/usr/bin/cmake -E cmake_link_script CMakeFiles/cmTC_055d8.dir/link.txt --verbose=1
/usr/bin/cc      -v CMakeFiles/cmTC_055d8.dir/CMakeCCompilerABI.c.o  -o cmTC_055d8 -rdynamic  
=======
Run Build Command:"/usr/bin/make" "cmTC_81089/fast"
/usr/bin/make -f CMakeFiles/cmTC_81089.dir/build.make CMakeFiles/cmTC_81089.dir/build
make[1]: Entering directory '/home/rtos-sim/Desktop/git-tutorial/CMakeFiles/CMakeTmp'
Building C object CMakeFiles/cmTC_81089.dir/CMakeCCompilerABI.c.o
/usr/bin/cc     -o CMakeFiles/cmTC_81089.dir/CMakeCCompilerABI.c.o   -c /usr/share/cmake-3.5/Modules/CMakeCCompilerABI.c
Linking C executable cmTC_81089
/usr/bin/cmake -E cmake_link_script CMakeFiles/cmTC_81089.dir/link.txt --verbose=1
/usr/bin/cc      -v CMakeFiles/cmTC_81089.dir/CMakeCCompilerABI.c.o  -o cmTC_81089 -rdynamic  
>>>>>>> conflicts
Using built-in specs.
COLLECT_GCC=/usr/bin/cc
COLLECT_LTO_WRAPPER=/usr/lib/gcc/x86_64-linux-gnu/5/lto-wrapper
Target: x86_64-linux-gnu
Configured with: ../src/configure -v --with-pkgversion='Ubuntu 5.4.0-6ubuntu1~16.04.12' --with-bugurl=file:///usr/share/doc/gcc-5/README.Bugs --enable-languages=c,ada,c++,java,go,d,fortran,objc,obj-c++ --prefix=/usr --program-suffix=-5 --enable-shared --enable-linker-build-id --libexecdir=/usr/lib --without-included-gettext --enable-threads=posix --libdir=/usr/lib --enable-nls --with-sysroot=/ --enable-clocale=gnu --enable-libstdcxx-debug --enable-libstdcxx-time=yes --with-default-libstdcxx-abi=new --enable-gnu-unique-object --disable-vtable-verify --enable-libmpx --enable-plugin --with-system-zlib --disable-browser-plugin --enable-java-awt=gtk --enable-gtk-cairo --with-java-home=/usr/lib/jvm/java-1.5.0-gcj-5-amd64/jre --enable-java-home --with-jvm-root-dir=/usr/lib/jvm/java-1.5.0-gcj-5-amd64 --with-jvm-jar-dir=/usr/lib/jvm-exports/java-1.5.0-gcj-5-amd64 --with-arch-directory=amd64 --with-ecj-jar=/usr/share/java/eclipse-ecj.jar --enable-objc-gc --enable-multiarch --disable-werror --with-arch-32=i686 --with-abi=m64 --with-multilib-list=m32,m64,mx32 --enable-multilib --with-tune=generic --enable-checking=release --build=x86_64-linux-gnu --host=x86_64-linux-gnu --target=x86_64-linux-gnu
Thread model: posix
gcc version 5.4.0 20160609 (Ubuntu 5.4.0-6ubuntu1~16.04.12) 
COMPILER_PATH=/usr/lib/gcc/x86_64-linux-gnu/5/:/usr/lib/gcc/x86_64-linux-gnu/5/:/usr/lib/gcc/x86_64-linux-gnu/:/usr/lib/gcc/x86_64-linux-gnu/5/:/usr/lib/gcc/x86_64-linux-gnu/
LIBRARY_PATH=/usr/lib/gcc/x86_64-linux-gnu/5/:/usr/lib/gcc/x86_64-linux-gnu/5/../../../x86_64-linux-gnu/:/usr/lib/gcc/x86_64-linux-gnu/5/../../../../lib/:/lib/x86_64-linux-gnu/:/lib/../lib/:/usr/lib/x86_64-linux-gnu/:/usr/lib/../lib/:/usr/lib/gcc/x86_64-linux-gnu/5/../../../:/lib/:/usr/lib/
<<<<<<< HEAD
COLLECT_GCC_OPTIONS='-v' '-o' 'cmTC_055d8' '-rdynamic' '-mtune=generic' '-march=x86-64'
 /usr/lib/gcc/x86_64-linux-gnu/5/collect2 -plugin /usr/lib/gcc/x86_64-linux-gnu/5/liblto_plugin.so -plugin-opt=/usr/lib/gcc/x86_64-linux-gnu/5/lto-wrapper -plugin-opt=-fresolution=/tmp/ccD0KohL.res -plugin-opt=-pass-through=-lgcc -plugin-opt=-pass-through=-lgcc_s -plugin-opt=-pass-through=-lc -plugin-opt=-pass-through=-lgcc -plugin-opt=-pass-through=-lgcc_s --sysroot=/ --build-id --eh-frame-hdr -m elf_x86_64 --hash-style=gnu --as-needed -export-dynamic -dynamic-linker /lib64/ld-linux-x86-64.so.2 -z relro -o cmTC_055d8 /usr/lib/gcc/x86_64-linux-gnu/5/../../../x86_64-linux-gnu/crt1.o /usr/lib/gcc/x86_64-linux-gnu/5/../../../x86_64-linux-gnu/crti.o /usr/lib/gcc/x86_64-linux-gnu/5/crtbegin.o -L/usr/lib/gcc/x86_64-linux-gnu/5 -L/usr/lib/gcc/x86_64-linux-gnu/5/../../../x86_64-linux-gnu -L/usr/lib/gcc/x86_64-linux-gnu/5/../../../../lib -L/lib/x86_64-linux-gnu -L/lib/../lib -L/usr/lib/x86_64-linux-gnu -L/usr/lib/../lib -L/usr/lib/gcc/x86_64-linux-gnu/5/../../.. CMakeFiles/cmTC_055d8.dir/CMakeCCompilerABI.c.o -lgcc --as-needed -lgcc_s --no-as-needed -lc -lgcc --as-needed -lgcc_s --no-as-needed /usr/lib/gcc/x86_64-linux-gnu/5/crtend.o /usr/lib/gcc/x86_64-linux-gnu/5/../../../x86_64-linux-gnu/crtn.o
=======
COLLECT_GCC_OPTIONS='-v' '-o' 'cmTC_81089' '-rdynamic' '-mtune=generic' '-march=x86-64'
 /usr/lib/gcc/x86_64-linux-gnu/5/collect2 -plugin /usr/lib/gcc/x86_64-linux-gnu/5/liblto_plugin.so -plugin-opt=/usr/lib/gcc/x86_64-linux-gnu/5/lto-wrapper -plugin-opt=-fresolution=/tmp/ccZxEYzF.res -plugin-opt=-pass-through=-lgcc -plugin-opt=-pass-through=-lgcc_s -plugin-opt=-pass-through=-lc -plugin-opt=-pass-through=-lgcc -plugin-opt=-pass-through=-lgcc_s --sysroot=/ --build-id --eh-frame-hdr -m elf_x86_64 --hash-style=gnu --as-needed -export-dynamic -dynamic-linker /lib64/ld-linux-x86-64.so.2 -z relro -o cmTC_81089 /usr/lib/gcc/x86_64-linux-gnu/5/../../../x86_64-linux-gnu/crt1.o /usr/lib/gcc/x86_64-linux-gnu/5/../../../x86_64-linux-gnu/crti.o /usr/lib/gcc/x86_64-linux-gnu/5/crtbegin.o -L/usr/lib/gcc/x86_64-linux-gnu/5 -L/usr/lib/gcc/x86_64-linux-gnu/5/../../../x86_64-linux-gnu -L/usr/lib/gcc/x86_64-linux-gnu/5/../../../../lib -L/lib/x86_64-linux-gnu -L/lib/../lib -L/usr/lib/x86_64-linux-gnu -L/usr/lib/../lib -L/usr/lib/gcc/x86_64-linux-gnu/5/../../.. CMakeFiles/cmTC_81089.dir/CMakeCCompilerABI.c.o -lgcc --as-needed -lgcc_s --no-as-needed -lc -lgcc --as-needed -lgcc_s --no-as-needed /usr/lib/gcc/x86_64-linux-gnu/5/crtend.o /usr/lib/gcc/x86_64-linux-gnu/5/../../../x86_64-linux-gnu/crtn.o
>>>>>>> conflicts
make[1]: Leaving directory '/home/rtos-sim/Desktop/git-tutorial/CMakeFiles/CMakeTmp'


Parsed C implicit link information from above output:
  link line regex: [^( *|.*[/\])(ld|([^/\]+-)?ld|collect2)[^/\]*( |$)]
  ignore line: [Change Dir: /home/rtos-sim/Desktop/git-tutorial/CMakeFiles/CMakeTmp]
  ignore line: []
<<<<<<< HEAD
  ignore line: [Run Build Command:"/usr/bin/make" "cmTC_055d8/fast"]
  ignore line: [/usr/bin/make -f CMakeFiles/cmTC_055d8.dir/build.make CMakeFiles/cmTC_055d8.dir/build]
  ignore line: [make[1]: Entering directory '/home/rtos-sim/Desktop/git-tutorial/CMakeFiles/CMakeTmp']
  ignore line: [Building C object CMakeFiles/cmTC_055d8.dir/CMakeCCompilerABI.c.o]
  ignore line: [/usr/bin/cc     -o CMakeFiles/cmTC_055d8.dir/CMakeCCompilerABI.c.o   -c /usr/share/cmake-3.5/Modules/CMakeCCompilerABI.c]
  ignore line: [Linking C executable cmTC_055d8]
  ignore line: [/usr/bin/cmake -E cmake_link_script CMakeFiles/cmTC_055d8.dir/link.txt --verbose=1]
  ignore line: [/usr/bin/cc      -v CMakeFiles/cmTC_055d8.dir/CMakeCCompilerABI.c.o  -o cmTC_055d8 -rdynamic  ]
=======
  ignore line: [Run Build Command:"/usr/bin/make" "cmTC_81089/fast"]
  ignore line: [/usr/bin/make -f CMakeFiles/cmTC_81089.dir/build.make CMakeFiles/cmTC_81089.dir/build]
  ignore line: [make[1]: Entering directory '/home/rtos-sim/Desktop/git-tutorial/CMakeFiles/CMakeTmp']
  ignore line: [Building C object CMakeFiles/cmTC_81089.dir/CMakeCCompilerABI.c.o]
  ignore line: [/usr/bin/cc     -o CMakeFiles/cmTC_81089.dir/CMakeCCompilerABI.c.o   -c /usr/share/cmake-3.5/Modules/CMakeCCompilerABI.c]
  ignore line: [Linking C executable cmTC_81089]
  ignore line: [/usr/bin/cmake -E cmake_link_script CMakeFiles/cmTC_81089.dir/link.txt --verbose=1]
  ignore line: [/usr/bin/cc      -v CMakeFiles/cmTC_81089.dir/CMakeCCompilerABI.c.o  -o cmTC_81089 -rdynamic  ]
>>>>>>> conflicts
  ignore line: [Using built-in specs.]
  ignore line: [COLLECT_GCC=/usr/bin/cc]
  ignore line: [COLLECT_LTO_WRAPPER=/usr/lib/gcc/x86_64-linux-gnu/5/lto-wrapper]
  ignore line: [Target: x86_64-linux-gnu]
  ignore line: [Configured with: ../src/configure -v --with-pkgversion='Ubuntu 5.4.0-6ubuntu1~16.04.12' --with-bugurl=file:///usr/share/doc/gcc-5/README.Bugs --enable-languages=c,ada,c++,java,go,d,fortran,objc,obj-c++ --prefix=/usr --program-suffix=-5 --enable-shared --enable-linker-build-id --libexecdir=/usr/lib --without-included-gettext --enable-threads=posix --libdir=/usr/lib --enable-nls --with-sysroot=/ --enable-clocale=gnu --enable-libstdcxx-debug --enable-libstdcxx-time=yes --with-default-libstdcxx-abi=new --enable-gnu-unique-object --disable-vtable-verify --enable-libmpx --enable-plugin --with-system-zlib --disable-browser-plugin --enable-java-awt=gtk --enable-gtk-cairo --with-java-home=/usr/lib/jvm/java-1.5.0-gcj-5-amd64/jre --enable-java-home --with-jvm-root-dir=/usr/lib/jvm/java-1.5.0-gcj-5-amd64 --with-jvm-jar-dir=/usr/lib/jvm-exports/java-1.5.0-gcj-5-amd64 --with-arch-directory=amd64 --with-ecj-jar=/usr/share/java/eclipse-ecj.jar --enable-objc-gc --enable-multiarch --disable-werror --with-arch-32=i686 --with-abi=m64 --with-multilib-list=m32,m64,mx32 --enable-multilib --with-tune=generic --enable-checking=release --build=x86_64-linux-gnu --host=x86_64-linux-gnu --target=x86_64-linux-gnu]
  ignore line: [Thread model: posix]
  ignore line: [gcc version 5.4.0 20160609 (Ubuntu 5.4.0-6ubuntu1~16.04.12) ]
  ignore line: [COMPILER_PATH=/usr/lib/gcc/x86_64-linux-gnu/5/:/usr/lib/gcc/x86_64-linux-gnu/5/:/usr/lib/gcc/x86_64-linux-gnu/:/usr/lib/gcc/x86_64-linux-gnu/5/:/usr/lib/gcc/x86_64-linux-gnu/]
  ignore line: [LIBRARY_PATH=/usr/lib/gcc/x86_64-linux-gnu/5/:/usr/lib/gcc/x86_64-linux-gnu/5/../../../x86_64-linux-gnu/:/usr/lib/gcc/x86_64-linux-gnu/5/../../../../lib/:/lib/x86_64-linux-gnu/:/lib/../lib/:/usr/lib/x86_64-linux-gnu/:/usr/lib/../lib/:/usr/lib/gcc/x86_64-linux-gnu/5/../../../:/lib/:/usr/lib/]
<<<<<<< HEAD
  ignore line: [COLLECT_GCC_OPTIONS='-v' '-o' 'cmTC_055d8' '-rdynamic' '-mtune=generic' '-march=x86-64']
  link line: [ /usr/lib/gcc/x86_64-linux-gnu/5/collect2 -plugin /usr/lib/gcc/x86_64-linux-gnu/5/liblto_plugin.so -plugin-opt=/usr/lib/gcc/x86_64-linux-gnu/5/lto-wrapper -plugin-opt=-fresolution=/tmp/ccD0KohL.res -plugin-opt=-pass-through=-lgcc -plugin-opt=-pass-through=-lgcc_s -plugin-opt=-pass-through=-lc -plugin-opt=-pass-through=-lgcc -plugin-opt=-pass-through=-lgcc_s --sysroot=/ --build-id --eh-frame-hdr -m elf_x86_64 --hash-style=gnu --as-needed -export-dynamic -dynamic-linker /lib64/ld-linux-x86-64.so.2 -z relro -o cmTC_055d8 /usr/lib/gcc/x86_64-linux-gnu/5/../../../x86_64-linux-gnu/crt1.o /usr/lib/gcc/x86_64-linux-gnu/5/../../../x86_64-linux-gnu/crti.o /usr/lib/gcc/x86_64-linux-gnu/5/crtbegin.o -L/usr/lib/gcc/x86_64-linux-gnu/5 -L/usr/lib/gcc/x86_64-linux-gnu/5/../../../x86_64-linux-gnu -L/usr/lib/gcc/x86_64-linux-gnu/5/../../../../lib -L/lib/x86_64-linux-gnu -L/lib/../lib -L/usr/lib/x86_64-linux-gnu -L/usr/lib/../lib -L/usr/lib/gcc/x86_64-linux-gnu/5/../../.. CMakeFiles/cmTC_055d8.dir/CMakeCCompilerABI.c.o -lgcc --as-needed -lgcc_s --no-as-needed -lc -lgcc --as-needed -lgcc_s --no-as-needed /usr/lib/gcc/x86_64-linux-gnu/5/crtend.o /usr/lib/gcc/x86_64-linux-gnu/5/../../../x86_64-linux-gnu/crtn.o]
=======
  ignore line: [COLLECT_GCC_OPTIONS='-v' '-o' 'cmTC_81089' '-rdynamic' '-mtune=generic' '-march=x86-64']
  link line: [ /usr/lib/gcc/x86_64-linux-gnu/5/collect2 -plugin /usr/lib/gcc/x86_64-linux-gnu/5/liblto_plugin.so -plugin-opt=/usr/lib/gcc/x86_64-linux-gnu/5/lto-wrapper -plugin-opt=-fresolution=/tmp/ccZxEYzF.res -plugin-opt=-pass-through=-lgcc -plugin-opt=-pass-through=-lgcc_s -plugin-opt=-pass-through=-lc -plugin-opt=-pass-through=-lgcc -plugin-opt=-pass-through=-lgcc_s --sysroot=/ --build-id --eh-frame-hdr -m elf_x86_64 --hash-style=gnu --as-needed -export-dynamic -dynamic-linker /lib64/ld-linux-x86-64.so.2 -z relro -o cmTC_81089 /usr/lib/gcc/x86_64-linux-gnu/5/../../../x86_64-linux-gnu/crt1.o /usr/lib/gcc/x86_64-linux-gnu/5/../../../x86_64-linux-gnu/crti.o /usr/lib/gcc/x86_64-linux-gnu/5/crtbegin.o -L/usr/lib/gcc/x86_64-linux-gnu/5 -L/usr/lib/gcc/x86_64-linux-gnu/5/../../../x86_64-linux-gnu -L/usr/lib/gcc/x86_64-linux-gnu/5/../../../../lib -L/lib/x86_64-linux-gnu -L/lib/../lib -L/usr/lib/x86_64-linux-gnu -L/usr/lib/../lib -L/usr/lib/gcc/x86_64-linux-gnu/5/../../.. CMakeFiles/cmTC_81089.dir/CMakeCCompilerABI.c.o -lgcc --as-needed -lgcc_s --no-as-needed -lc -lgcc --as-needed -lgcc_s --no-as-needed /usr/lib/gcc/x86_64-linux-gnu/5/crtend.o /usr/lib/gcc/x86_64-linux-gnu/5/../../../x86_64-linux-gnu/crtn.o]
>>>>>>> conflicts
    arg [/usr/lib/gcc/x86_64-linux-gnu/5/collect2] ==> ignore
    arg [-plugin] ==> ignore
    arg [/usr/lib/gcc/x86_64-linux-gnu/5/liblto_plugin.so] ==> ignore
    arg [-plugin-opt=/usr/lib/gcc/x86_64-linux-gnu/5/lto-wrapper] ==> ignore
<<<<<<< HEAD
    arg [-plugin-opt=-fresolution=/tmp/ccD0KohL.res] ==> ignore
=======
    arg [-plugin-opt=-fresolution=/tmp/ccZxEYzF.res] ==> ignore
>>>>>>> conflicts
    arg [-plugin-opt=-pass-through=-lgcc] ==> ignore
    arg [-plugin-opt=-pass-through=-lgcc_s] ==> ignore
    arg [-plugin-opt=-pass-through=-lc] ==> ignore
    arg [-plugin-opt=-pass-through=-lgcc] ==> ignore
    arg [-plugin-opt=-pass-through=-lgcc_s] ==> ignore
    arg [--sysroot=/] ==> ignore
    arg [--build-id] ==> ignore
    arg [--eh-frame-hdr] ==> ignore
    arg [-m] ==> ignore
    arg [elf_x86_64] ==> ignore
    arg [--hash-style=gnu] ==> ignore
    arg [--as-needed] ==> ignore
    arg [-export-dynamic] ==> ignore
    arg [-dynamic-linker] ==> ignore
    arg [/lib64/ld-linux-x86-64.so.2] ==> ignore
    arg [-zrelro] ==> ignore
    arg [-o] ==> ignore
<<<<<<< HEAD
    arg [cmTC_055d8] ==> ignore
=======
    arg [cmTC_81089] ==> ignore
>>>>>>> conflicts
    arg [/usr/lib/gcc/x86_64-linux-gnu/5/../../../x86_64-linux-gnu/crt1.o] ==> ignore
    arg [/usr/lib/gcc/x86_64-linux-gnu/5/../../../x86_64-linux-gnu/crti.o] ==> ignore
    arg [/usr/lib/gcc/x86_64-linux-gnu/5/crtbegin.o] ==> ignore
    arg [-L/usr/lib/gcc/x86_64-linux-gnu/5] ==> dir [/usr/lib/gcc/x86_64-linux-gnu/5]
    arg [-L/usr/lib/gcc/x86_64-linux-gnu/5/../../../x86_64-linux-gnu] ==> dir [/usr/lib/gcc/x86_64-linux-gnu/5/../../../x86_64-linux-gnu]
    arg [-L/usr/lib/gcc/x86_64-linux-gnu/5/../../../../lib] ==> dir [/usr/lib/gcc/x86_64-linux-gnu/5/../../../../lib]
    arg [-L/lib/x86_64-linux-gnu] ==> dir [/lib/x86_64-linux-gnu]
    arg [-L/lib/../lib] ==> dir [/lib/../lib]
    arg [-L/usr/lib/x86_64-linux-gnu] ==> dir [/usr/lib/x86_64-linux-gnu]
    arg [-L/usr/lib/../lib] ==> dir [/usr/lib/../lib]
    arg [-L/usr/lib/gcc/x86_64-linux-gnu/5/../../..] ==> dir [/usr/lib/gcc/x86_64-linux-gnu/5/../../..]
<<<<<<< HEAD
    arg [CMakeFiles/cmTC_055d8.dir/CMakeCCompilerABI.c.o] ==> ignore
=======
    arg [CMakeFiles/cmTC_81089.dir/CMakeCCompilerABI.c.o] ==> ignore
>>>>>>> conflicts
    arg [-lgcc] ==> lib [gcc]
    arg [--as-needed] ==> ignore
    arg [-lgcc_s] ==> lib [gcc_s]
    arg [--no-as-needed] ==> ignore
    arg [-lc] ==> lib [c]
    arg [-lgcc] ==> lib [gcc]
    arg [--as-needed] ==> ignore
    arg [-lgcc_s] ==> lib [gcc_s]
    arg [--no-as-needed] ==> ignore
    arg [/usr/lib/gcc/x86_64-linux-gnu/5/crtend.o] ==> ignore
    arg [/usr/lib/gcc/x86_64-linux-gnu/5/../../../x86_64-linux-gnu/crtn.o] ==> ignore
  remove lib [gcc]
  remove lib [gcc_s]
  remove lib [gcc]
  remove lib [gcc_s]
  collapse library dir [/usr/lib/gcc/x86_64-linux-gnu/5] ==> [/usr/lib/gcc/x86_64-linux-gnu/5]
  collapse library dir [/usr/lib/gcc/x86_64-linux-gnu/5/../../../x86_64-linux-gnu] ==> [/usr/lib/x86_64-linux-gnu]
  collapse library dir [/usr/lib/gcc/x86_64-linux-gnu/5/../../../../lib] ==> [/usr/lib]
  collapse library dir [/lib/x86_64-linux-gnu] ==> [/lib/x86_64-linux-gnu]
  collapse library dir [/lib/../lib] ==> [/lib]
  collapse library dir [/usr/lib/x86_64-linux-gnu] ==> [/usr/lib/x86_64-linux-gnu]
  collapse library dir [/usr/lib/../lib] ==> [/usr/lib]
  collapse library dir [/usr/lib/gcc/x86_64-linux-gnu/5/../../..] ==> [/usr/lib]
  implicit libs: [c]
  implicit dirs: [/usr/lib/gcc/x86_64-linux-gnu/5;/usr/lib/x86_64-linux-gnu;/usr/lib;/lib/x86_64-linux-gnu;/lib]
  implicit fwks: []




Detecting C [-std=c11] compiler features compiled with the following output:
Change Dir: /home/rtos-sim/Desktop/git-tutorial/CMakeFiles/CMakeTmp

<<<<<<< HEAD
Run Build Command:"/usr/bin/make" "cmTC_85e5a/fast"
/usr/bin/make -f CMakeFiles/cmTC_85e5a.dir/build.make CMakeFiles/cmTC_85e5a.dir/build
make[1]: Entering directory '/home/rtos-sim/Desktop/git-tutorial/CMakeFiles/CMakeTmp'
Building C object CMakeFiles/cmTC_85e5a.dir/feature_tests.c.o
/usr/bin/cc    -std=c11 -o CMakeFiles/cmTC_85e5a.dir/feature_tests.c.o   -c /home/rtos-sim/Desktop/git-tutorial/CMakeFiles/feature_tests.c
Linking C executable cmTC_85e5a
/usr/bin/cmake -E cmake_link_script CMakeFiles/cmTC_85e5a.dir/link.txt --verbose=1
/usr/bin/cc       CMakeFiles/cmTC_85e5a.dir/feature_tests.c.o  -o cmTC_85e5a -rdynamic 
=======
Run Build Command:"/usr/bin/make" "cmTC_fc565/fast"
/usr/bin/make -f CMakeFiles/cmTC_fc565.dir/build.make CMakeFiles/cmTC_fc565.dir/build
make[1]: Entering directory '/home/rtos-sim/Desktop/git-tutorial/CMakeFiles/CMakeTmp'
Building C object CMakeFiles/cmTC_fc565.dir/feature_tests.c.o
/usr/bin/cc    -std=c11 -o CMakeFiles/cmTC_fc565.dir/feature_tests.c.o   -c /home/rtos-sim/Desktop/git-tutorial/CMakeFiles/feature_tests.c
Linking C executable cmTC_fc565
/usr/bin/cmake -E cmake_link_script CMakeFiles/cmTC_fc565.dir/link.txt --verbose=1
/usr/bin/cc       CMakeFiles/cmTC_fc565.dir/feature_tests.c.o  -o cmTC_fc565 -rdynamic 
>>>>>>> conflicts
make[1]: Leaving directory '/home/rtos-sim/Desktop/git-tutorial/CMakeFiles/CMakeTmp'


    Feature record: C_FEATURE:1c_function_prototypes
    Feature record: C_FEATURE:1c_restrict
    Feature record: C_FEATURE:1c_static_assert
    Feature record: C_FEATURE:1c_variadic_macros


Detecting C [-std=c99] compiler features compiled with the following output:
Change Dir: /home/rtos-sim/Desktop/git-tutorial/CMakeFiles/CMakeTmp

<<<<<<< HEAD
Run Build Command:"/usr/bin/make" "cmTC_9d289/fast"
/usr/bin/make -f CMakeFiles/cmTC_9d289.dir/build.make CMakeFiles/cmTC_9d289.dir/build
make[1]: Entering directory '/home/rtos-sim/Desktop/git-tutorial/CMakeFiles/CMakeTmp'
Building C object CMakeFiles/cmTC_9d289.dir/feature_tests.c.o
/usr/bin/cc    -std=c99 -o CMakeFiles/cmTC_9d289.dir/feature_tests.c.o   -c /home/rtos-sim/Desktop/git-tutorial/CMakeFiles/feature_tests.c
Linking C executable cmTC_9d289
/usr/bin/cmake -E cmake_link_script CMakeFiles/cmTC_9d289.dir/link.txt --verbose=1
/usr/bin/cc       CMakeFiles/cmTC_9d289.dir/feature_tests.c.o  -o cmTC_9d289 -rdynamic 
=======
Run Build Command:"/usr/bin/make" "cmTC_28d87/fast"
/usr/bin/make -f CMakeFiles/cmTC_28d87.dir/build.make CMakeFiles/cmTC_28d87.dir/build
make[1]: Entering directory '/home/rtos-sim/Desktop/git-tutorial/CMakeFiles/CMakeTmp'
Building C object CMakeFiles/cmTC_28d87.dir/feature_tests.c.o
/usr/bin/cc    -std=c99 -o CMakeFiles/cmTC_28d87.dir/feature_tests.c.o   -c /home/rtos-sim/Desktop/git-tutorial/CMakeFiles/feature_tests.c
Linking C executable cmTC_28d87
/usr/bin/cmake -E cmake_link_script CMakeFiles/cmTC_28d87.dir/link.txt --verbose=1
/usr/bin/cc       CMakeFiles/cmTC_28d87.dir/feature_tests.c.o  -o cmTC_28d87 -rdynamic 
>>>>>>> conflicts
make[1]: Leaving directory '/home/rtos-sim/Desktop/git-tutorial/CMakeFiles/CMakeTmp'


    Feature record: C_FEATURE:1c_function_prototypes
    Feature record: C_FEATURE:1c_restrict
    Feature record: C_FEATURE:0c_static_assert
    Feature record: C_FEATURE:1c_variadic_macros


Detecting C [-std=c90] compiler features compiled with the following output:
Change Dir: /home/rtos-sim/Desktop/git-tutorial/CMakeFiles/CMakeTmp

<<<<<<< HEAD
Run Build Command:"/usr/bin/make" "cmTC_dde72/fast"
/usr/bin/make -f CMakeFiles/cmTC_dde72.dir/build.make CMakeFiles/cmTC_dde72.dir/build
make[1]: Entering directory '/home/rtos-sim/Desktop/git-tutorial/CMakeFiles/CMakeTmp'
Building C object CMakeFiles/cmTC_dde72.dir/feature_tests.c.o
/usr/bin/cc    -std=c90 -o CMakeFiles/cmTC_dde72.dir/feature_tests.c.o   -c /home/rtos-sim/Desktop/git-tutorial/CMakeFiles/feature_tests.c
Linking C executable cmTC_dde72
/usr/bin/cmake -E cmake_link_script CMakeFiles/cmTC_dde72.dir/link.txt --verbose=1
/usr/bin/cc       CMakeFiles/cmTC_dde72.dir/feature_tests.c.o  -o cmTC_dde72 -rdynamic 
=======
Run Build Command:"/usr/bin/make" "cmTC_faa8e/fast"
/usr/bin/make -f CMakeFiles/cmTC_faa8e.dir/build.make CMakeFiles/cmTC_faa8e.dir/build
make[1]: Entering directory '/home/rtos-sim/Desktop/git-tutorial/CMakeFiles/CMakeTmp'
Building C object CMakeFiles/cmTC_faa8e.dir/feature_tests.c.o
/usr/bin/cc    -std=c90 -o CMakeFiles/cmTC_faa8e.dir/feature_tests.c.o   -c /home/rtos-sim/Desktop/git-tutorial/CMakeFiles/feature_tests.c
Linking C executable cmTC_faa8e
/usr/bin/cmake -E cmake_link_script CMakeFiles/cmTC_faa8e.dir/link.txt --verbose=1
/usr/bin/cc       CMakeFiles/cmTC_faa8e.dir/feature_tests.c.o  -o cmTC_faa8e -rdynamic 
>>>>>>> conflicts
make[1]: Leaving directory '/home/rtos-sim/Desktop/git-tutorial/CMakeFiles/CMakeTmp'


    Feature record: C_FEATURE:1c_function_prototypes
    Feature record: C_FEATURE:0c_restrict
    Feature record: C_FEATURE:0c_static_assert
    Feature record: C_FEATURE:0c_variadic_macros
Determining if the CXX compiler works passed with the following output:
Change Dir: /home/rtos-sim/Desktop/git-tutorial/CMakeFiles/CMakeTmp

<<<<<<< HEAD
Run Build Command:"/usr/bin/make" "cmTC_0642e/fast"
/usr/bin/make -f CMakeFiles/cmTC_0642e.dir/build.make CMakeFiles/cmTC_0642e.dir/build
make[1]: Entering directory '/home/rtos-sim/Desktop/git-tutorial/CMakeFiles/CMakeTmp'
Building CXX object CMakeFiles/cmTC_0642e.dir/testCXXCompiler.cxx.o
/usr/bin/c++      -o CMakeFiles/cmTC_0642e.dir/testCXXCompiler.cxx.o -c /home/rtos-sim/Desktop/git-tutorial/CMakeFiles/CMakeTmp/testCXXCompiler.cxx
Linking CXX executable cmTC_0642e
/usr/bin/cmake -E cmake_link_script CMakeFiles/cmTC_0642e.dir/link.txt --verbose=1
/usr/bin/c++        CMakeFiles/cmTC_0642e.dir/testCXXCompiler.cxx.o  -o cmTC_0642e -rdynamic 
=======
Run Build Command:"/usr/bin/make" "cmTC_ef537/fast"
/usr/bin/make -f CMakeFiles/cmTC_ef537.dir/build.make CMakeFiles/cmTC_ef537.dir/build
make[1]: Entering directory '/home/rtos-sim/Desktop/git-tutorial/CMakeFiles/CMakeTmp'
Building CXX object CMakeFiles/cmTC_ef537.dir/testCXXCompiler.cxx.o
/usr/bin/c++      -o CMakeFiles/cmTC_ef537.dir/testCXXCompiler.cxx.o -c /home/rtos-sim/Desktop/git-tutorial/CMakeFiles/CMakeTmp/testCXXCompiler.cxx
Linking CXX executable cmTC_ef537
/usr/bin/cmake -E cmake_link_script CMakeFiles/cmTC_ef537.dir/link.txt --verbose=1
/usr/bin/c++        CMakeFiles/cmTC_ef537.dir/testCXXCompiler.cxx.o  -o cmTC_ef537 -rdynamic 
>>>>>>> conflicts
make[1]: Leaving directory '/home/rtos-sim/Desktop/git-tutorial/CMakeFiles/CMakeTmp'


Detecting CXX compiler ABI info compiled with the following output:
Change Dir: /home/rtos-sim/Desktop/git-tutorial/CMakeFiles/CMakeTmp

<<<<<<< HEAD
Run Build Command:"/usr/bin/make" "cmTC_0f61a/fast"
/usr/bin/make -f CMakeFiles/cmTC_0f61a.dir/build.make CMakeFiles/cmTC_0f61a.dir/build
make[1]: Entering directory '/home/rtos-sim/Desktop/git-tutorial/CMakeFiles/CMakeTmp'
Building CXX object CMakeFiles/cmTC_0f61a.dir/CMakeCXXCompilerABI.cpp.o
/usr/bin/c++      -o CMakeFiles/cmTC_0f61a.dir/CMakeCXXCompilerABI.cpp.o -c /usr/share/cmake-3.5/Modules/CMakeCXXCompilerABI.cpp
Linking CXX executable cmTC_0f61a
/usr/bin/cmake -E cmake_link_script CMakeFiles/cmTC_0f61a.dir/link.txt --verbose=1
/usr/bin/c++       -v CMakeFiles/cmTC_0f61a.dir/CMakeCXXCompilerABI.cpp.o  -o cmTC_0f61a -rdynamic  
=======
Run Build Command:"/usr/bin/make" "cmTC_9fefd/fast"
/usr/bin/make -f CMakeFiles/cmTC_9fefd.dir/build.make CMakeFiles/cmTC_9fefd.dir/build
make[1]: Entering directory '/home/rtos-sim/Desktop/git-tutorial/CMakeFiles/CMakeTmp'
Building CXX object CMakeFiles/cmTC_9fefd.dir/CMakeCXXCompilerABI.cpp.o
/usr/bin/c++      -o CMakeFiles/cmTC_9fefd.dir/CMakeCXXCompilerABI.cpp.o -c /usr/share/cmake-3.5/Modules/CMakeCXXCompilerABI.cpp
Linking CXX executable cmTC_9fefd
/usr/bin/cmake -E cmake_link_script CMakeFiles/cmTC_9fefd.dir/link.txt --verbose=1
/usr/bin/c++       -v CMakeFiles/cmTC_9fefd.dir/CMakeCXXCompilerABI.cpp.o  -o cmTC_9fefd -rdynamic  
>>>>>>> conflicts
Using built-in specs.
COLLECT_GCC=/usr/bin/c++
COLLECT_LTO_WRAPPER=/usr/lib/gcc/x86_64-linux-gnu/5/lto-wrapper
Target: x86_64-linux-gnu
Configured with: ../src/configure -v --with-pkgversion='Ubuntu 5.4.0-6ubuntu1~16.04.12' --with-bugurl=file:///usr/share/doc/gcc-5/README.Bugs --enable-languages=c,ada,c++,java,go,d,fortran,objc,obj-c++ --prefix=/usr --program-suffix=-5 --enable-shared --enable-linker-build-id --libexecdir=/usr/lib --without-included-gettext --enable-threads=posix --libdir=/usr/lib --enable-nls --with-sysroot=/ --enable-clocale=gnu --enable-libstdcxx-debug --enable-libstdcxx-time=yes --with-default-libstdcxx-abi=new --enable-gnu-unique-object --disable-vtable-verify --enable-libmpx --enable-plugin --with-system-zlib --disable-browser-plugin --enable-java-awt=gtk --enable-gtk-cairo --with-java-home=/usr/lib/jvm/java-1.5.0-gcj-5-amd64/jre --enable-java-home --with-jvm-root-dir=/usr/lib/jvm/java-1.5.0-gcj-5-amd64 --with-jvm-jar-dir=/usr/lib/jvm-exports/java-1.5.0-gcj-5-amd64 --with-arch-directory=amd64 --with-ecj-jar=/usr/share/java/eclipse-ecj.jar --enable-objc-gc --enable-multiarch --disable-werror --with-arch-32=i686 --with-abi=m64 --with-multilib-list=m32,m64,mx32 --enable-multilib --with-tune=generic --enable-checking=release --build=x86_64-linux-gnu --host=x86_64-linux-gnu --target=x86_64-linux-gnu
Thread model: posix
gcc version 5.4.0 20160609 (Ubuntu 5.4.0-6ubuntu1~16.04.12) 
COMPILER_PATH=/usr/lib/gcc/x86_64-linux-gnu/5/:/usr/lib/gcc/x86_64-linux-gnu/5/:/usr/lib/gcc/x86_64-linux-gnu/:/usr/lib/gcc/x86_64-linux-gnu/5/:/usr/lib/gcc/x86_64-linux-gnu/
LIBRARY_PATH=/usr/lib/gcc/x86_64-linux-gnu/5/:/usr/lib/gcc/x86_64-linux-gnu/5/../../../x86_64-linux-gnu/:/usr/lib/gcc/x86_64-linux-gnu/5/../../../../lib/:/lib/x86_64-linux-gnu/:/lib/../lib/:/usr/lib/x86_64-linux-gnu/:/usr/lib/../lib/:/usr/lib/gcc/x86_64-linux-gnu/5/../../../:/lib/:/usr/lib/
<<<<<<< HEAD
COLLECT_GCC_OPTIONS='-v' '-o' 'cmTC_0f61a' '-rdynamic' '-shared-libgcc' '-mtune=generic' '-march=x86-64'
 /usr/lib/gcc/x86_64-linux-gnu/5/collect2 -plugin /usr/lib/gcc/x86_64-linux-gnu/5/liblto_plugin.so -plugin-opt=/usr/lib/gcc/x86_64-linux-gnu/5/lto-wrapper -plugin-opt=-fresolution=/tmp/ccMrRkLh.res -plugin-opt=-pass-through=-lgcc_s -plugin-opt=-pass-through=-lgcc -plugin-opt=-pass-through=-lc -plugin-opt=-pass-through=-lgcc_s -plugin-opt=-pass-through=-lgcc --sysroot=/ --build-id --eh-frame-hdr -m elf_x86_64 --hash-style=gnu --as-needed -export-dynamic -dynamic-linker /lib64/ld-linux-x86-64.so.2 -z relro -o cmTC_0f61a /usr/lib/gcc/x86_64-linux-gnu/5/../../../x86_64-linux-gnu/crt1.o /usr/lib/gcc/x86_64-linux-gnu/5/../../../x86_64-linux-gnu/crti.o /usr/lib/gcc/x86_64-linux-gnu/5/crtbegin.o -L/usr/lib/gcc/x86_64-linux-gnu/5 -L/usr/lib/gcc/x86_64-linux-gnu/5/../../../x86_64-linux-gnu -L/usr/lib/gcc/x86_64-linux-gnu/5/../../../../lib -L/lib/x86_64-linux-gnu -L/lib/../lib -L/usr/lib/x86_64-linux-gnu -L/usr/lib/../lib -L/usr/lib/gcc/x86_64-linux-gnu/5/../../.. CMakeFiles/cmTC_0f61a.dir/CMakeCXXCompilerABI.cpp.o -lstdc++ -lm -lgcc_s -lgcc -lc -lgcc_s -lgcc /usr/lib/gcc/x86_64-linux-gnu/5/crtend.o /usr/lib/gcc/x86_64-linux-gnu/5/../../../x86_64-linux-gnu/crtn.o
=======
COLLECT_GCC_OPTIONS='-v' '-o' 'cmTC_9fefd' '-rdynamic' '-shared-libgcc' '-mtune=generic' '-march=x86-64'
 /usr/lib/gcc/x86_64-linux-gnu/5/collect2 -plugin /usr/lib/gcc/x86_64-linux-gnu/5/liblto_plugin.so -plugin-opt=/usr/lib/gcc/x86_64-linux-gnu/5/lto-wrapper -plugin-opt=-fresolution=/tmp/ccfFdZQh.res -plugin-opt=-pass-through=-lgcc_s -plugin-opt=-pass-through=-lgcc -plugin-opt=-pass-through=-lc -plugin-opt=-pass-through=-lgcc_s -plugin-opt=-pass-through=-lgcc --sysroot=/ --build-id --eh-frame-hdr -m elf_x86_64 --hash-style=gnu --as-needed -export-dynamic -dynamic-linker /lib64/ld-linux-x86-64.so.2 -z relro -o cmTC_9fefd /usr/lib/gcc/x86_64-linux-gnu/5/../../../x86_64-linux-gnu/crt1.o /usr/lib/gcc/x86_64-linux-gnu/5/../../../x86_64-linux-gnu/crti.o /usr/lib/gcc/x86_64-linux-gnu/5/crtbegin.o -L/usr/lib/gcc/x86_64-linux-gnu/5 -L/usr/lib/gcc/x86_64-linux-gnu/5/../../../x86_64-linux-gnu -L/usr/lib/gcc/x86_64-linux-gnu/5/../../../../lib -L/lib/x86_64-linux-gnu -L/lib/../lib -L/usr/lib/x86_64-linux-gnu -L/usr/lib/../lib -L/usr/lib/gcc/x86_64-linux-gnu/5/../../.. CMakeFiles/cmTC_9fefd.dir/CMakeCXXCompilerABI.cpp.o -lstdc++ -lm -lgcc_s -lgcc -lc -lgcc_s -lgcc /usr/lib/gcc/x86_64-linux-gnu/5/crtend.o /usr/lib/gcc/x86_64-linux-gnu/5/../../../x86_64-linux-gnu/crtn.o
>>>>>>> conflicts
make[1]: Leaving directory '/home/rtos-sim/Desktop/git-tutorial/CMakeFiles/CMakeTmp'


Parsed CXX implicit link information from above output:
  link line regex: [^( *|.*[/\])(ld|([^/\]+-)?ld|collect2)[^/\]*( |$)]
  ignore line: [Change Dir: /home/rtos-sim/Desktop/git-tutorial/CMakeFiles/CMakeTmp]
  ignore line: []
<<<<<<< HEAD
  ignore line: [Run Build Command:"/usr/bin/make" "cmTC_0f61a/fast"]
  ignore line: [/usr/bin/make -f CMakeFiles/cmTC_0f61a.dir/build.make CMakeFiles/cmTC_0f61a.dir/build]
  ignore line: [make[1]: Entering directory '/home/rtos-sim/Desktop/git-tutorial/CMakeFiles/CMakeTmp']
  ignore line: [Building CXX object CMakeFiles/cmTC_0f61a.dir/CMakeCXXCompilerABI.cpp.o]
  ignore line: [/usr/bin/c++      -o CMakeFiles/cmTC_0f61a.dir/CMakeCXXCompilerABI.cpp.o -c /usr/share/cmake-3.5/Modules/CMakeCXXCompilerABI.cpp]
  ignore line: [Linking CXX executable cmTC_0f61a]
  ignore line: [/usr/bin/cmake -E cmake_link_script CMakeFiles/cmTC_0f61a.dir/link.txt --verbose=1]
  ignore line: [/usr/bin/c++       -v CMakeFiles/cmTC_0f61a.dir/CMakeCXXCompilerABI.cpp.o  -o cmTC_0f61a -rdynamic  ]
=======
  ignore line: [Run Build Command:"/usr/bin/make" "cmTC_9fefd/fast"]
  ignore line: [/usr/bin/make -f CMakeFiles/cmTC_9fefd.dir/build.make CMakeFiles/cmTC_9fefd.dir/build]
  ignore line: [make[1]: Entering directory '/home/rtos-sim/Desktop/git-tutorial/CMakeFiles/CMakeTmp']
  ignore line: [Building CXX object CMakeFiles/cmTC_9fefd.dir/CMakeCXXCompilerABI.cpp.o]
  ignore line: [/usr/bin/c++      -o CMakeFiles/cmTC_9fefd.dir/CMakeCXXCompilerABI.cpp.o -c /usr/share/cmake-3.5/Modules/CMakeCXXCompilerABI.cpp]
  ignore line: [Linking CXX executable cmTC_9fefd]
  ignore line: [/usr/bin/cmake -E cmake_link_script CMakeFiles/cmTC_9fefd.dir/link.txt --verbose=1]
  ignore line: [/usr/bin/c++       -v CMakeFiles/cmTC_9fefd.dir/CMakeCXXCompilerABI.cpp.o  -o cmTC_9fefd -rdynamic  ]
>>>>>>> conflicts
  ignore line: [Using built-in specs.]
  ignore line: [COLLECT_GCC=/usr/bin/c++]
  ignore line: [COLLECT_LTO_WRAPPER=/usr/lib/gcc/x86_64-linux-gnu/5/lto-wrapper]
  ignore line: [Target: x86_64-linux-gnu]
  ignore line: [Configured with: ../src/configure -v --with-pkgversion='Ubuntu 5.4.0-6ubuntu1~16.04.12' --with-bugurl=file:///usr/share/doc/gcc-5/README.Bugs --enable-languages=c,ada,c++,java,go,d,fortran,objc,obj-c++ --prefix=/usr --program-suffix=-5 --enable-shared --enable-linker-build-id --libexecdir=/usr/lib --without-included-gettext --enable-threads=posix --libdir=/usr/lib --enable-nls --with-sysroot=/ --enable-clocale=gnu --enable-libstdcxx-debug --enable-libstdcxx-time=yes --with-default-libstdcxx-abi=new --enable-gnu-unique-object --disable-vtable-verify --enable-libmpx --enable-plugin --with-system-zlib --disable-browser-plugin --enable-java-awt=gtk --enable-gtk-cairo --with-java-home=/usr/lib/jvm/java-1.5.0-gcj-5-amd64/jre --enable-java-home --with-jvm-root-dir=/usr/lib/jvm/java-1.5.0-gcj-5-amd64 --with-jvm-jar-dir=/usr/lib/jvm-exports/java-1.5.0-gcj-5-amd64 --with-arch-directory=amd64 --with-ecj-jar=/usr/share/java/eclipse-ecj.jar --enable-objc-gc --enable-multiarch --disable-werror --with-arch-32=i686 --with-abi=m64 --with-multilib-list=m32,m64,mx32 --enable-multilib --with-tune=generic --enable-checking=release --build=x86_64-linux-gnu --host=x86_64-linux-gnu --target=x86_64-linux-gnu]
  ignore line: [Thread model: posix]
  ignore line: [gcc version 5.4.0 20160609 (Ubuntu 5.4.0-6ubuntu1~16.04.12) ]
  ignore line: [COMPILER_PATH=/usr/lib/gcc/x86_64-linux-gnu/5/:/usr/lib/gcc/x86_64-linux-gnu/5/:/usr/lib/gcc/x86_64-linux-gnu/:/usr/lib/gcc/x86_64-linux-gnu/5/:/usr/lib/gcc/x86_64-linux-gnu/]
  ignore line: [LIBRARY_PATH=/usr/lib/gcc/x86_64-linux-gnu/5/:/usr/lib/gcc/x86_64-linux-gnu/5/../../../x86_64-linux-gnu/:/usr/lib/gcc/x86_64-linux-gnu/5/../../../../lib/:/lib/x86_64-linux-gnu/:/lib/../lib/:/usr/lib/x86_64-linux-gnu/:/usr/lib/../lib/:/usr/lib/gcc/x86_64-linux-gnu/5/../../../:/lib/:/usr/lib/]
<<<<<<< HEAD
  ignore line: [COLLECT_GCC_OPTIONS='-v' '-o' 'cmTC_0f61a' '-rdynamic' '-shared-libgcc' '-mtune=generic' '-march=x86-64']
  link line: [ /usr/lib/gcc/x86_64-linux-gnu/5/collect2 -plugin /usr/lib/gcc/x86_64-linux-gnu/5/liblto_plugin.so -plugin-opt=/usr/lib/gcc/x86_64-linux-gnu/5/lto-wrapper -plugin-opt=-fresolution=/tmp/ccMrRkLh.res -plugin-opt=-pass-through=-lgcc_s -plugin-opt=-pass-through=-lgcc -plugin-opt=-pass-through=-lc -plugin-opt=-pass-through=-lgcc_s -plugin-opt=-pass-through=-lgcc --sysroot=/ --build-id --eh-frame-hdr -m elf_x86_64 --hash-style=gnu --as-needed -export-dynamic -dynamic-linker /lib64/ld-linux-x86-64.so.2 -z relro -o cmTC_0f61a /usr/lib/gcc/x86_64-linux-gnu/5/../../../x86_64-linux-gnu/crt1.o /usr/lib/gcc/x86_64-linux-gnu/5/../../../x86_64-linux-gnu/crti.o /usr/lib/gcc/x86_64-linux-gnu/5/crtbegin.o -L/usr/lib/gcc/x86_64-linux-gnu/5 -L/usr/lib/gcc/x86_64-linux-gnu/5/../../../x86_64-linux-gnu -L/usr/lib/gcc/x86_64-linux-gnu/5/../../../../lib -L/lib/x86_64-linux-gnu -L/lib/../lib -L/usr/lib/x86_64-linux-gnu -L/usr/lib/../lib -L/usr/lib/gcc/x86_64-linux-gnu/5/../../.. CMakeFiles/cmTC_0f61a.dir/CMakeCXXCompilerABI.cpp.o -lstdc++ -lm -lgcc_s -lgcc -lc -lgcc_s -lgcc /usr/lib/gcc/x86_64-linux-gnu/5/crtend.o /usr/lib/gcc/x86_64-linux-gnu/5/../../../x86_64-linux-gnu/crtn.o]
=======
  ignore line: [COLLECT_GCC_OPTIONS='-v' '-o' 'cmTC_9fefd' '-rdynamic' '-shared-libgcc' '-mtune=generic' '-march=x86-64']
  link line: [ /usr/lib/gcc/x86_64-linux-gnu/5/collect2 -plugin /usr/lib/gcc/x86_64-linux-gnu/5/liblto_plugin.so -plugin-opt=/usr/lib/gcc/x86_64-linux-gnu/5/lto-wrapper -plugin-opt=-fresolution=/tmp/ccfFdZQh.res -plugin-opt=-pass-through=-lgcc_s -plugin-opt=-pass-through=-lgcc -plugin-opt=-pass-through=-lc -plugin-opt=-pass-through=-lgcc_s -plugin-opt=-pass-through=-lgcc --sysroot=/ --build-id --eh-frame-hdr -m elf_x86_64 --hash-style=gnu --as-needed -export-dynamic -dynamic-linker /lib64/ld-linux-x86-64.so.2 -z relro -o cmTC_9fefd /usr/lib/gcc/x86_64-linux-gnu/5/../../../x86_64-linux-gnu/crt1.o /usr/lib/gcc/x86_64-linux-gnu/5/../../../x86_64-linux-gnu/crti.o /usr/lib/gcc/x86_64-linux-gnu/5/crtbegin.o -L/usr/lib/gcc/x86_64-linux-gnu/5 -L/usr/lib/gcc/x86_64-linux-gnu/5/../../../x86_64-linux-gnu -L/usr/lib/gcc/x86_64-linux-gnu/5/../../../../lib -L/lib/x86_64-linux-gnu -L/lib/../lib -L/usr/lib/x86_64-linux-gnu -L/usr/lib/../lib -L/usr/lib/gcc/x86_64-linux-gnu/5/../../.. CMakeFiles/cmTC_9fefd.dir/CMakeCXXCompilerABI.cpp.o -lstdc++ -lm -lgcc_s -lgcc -lc -lgcc_s -lgcc /usr/lib/gcc/x86_64-linux-gnu/5/crtend.o /usr/lib/gcc/x86_64-linux-gnu/5/../../../x86_64-linux-gnu/crtn.o]
>>>>>>> conflicts
    arg [/usr/lib/gcc/x86_64-linux-gnu/5/collect2] ==> ignore
    arg [-plugin] ==> ignore
    arg [/usr/lib/gcc/x86_64-linux-gnu/5/liblto_plugin.so] ==> ignore
    arg [-plugin-opt=/usr/lib/gcc/x86_64-linux-gnu/5/lto-wrapper] ==> ignore
<<<<<<< HEAD
    arg [-plugin-opt=-fresolution=/tmp/ccMrRkLh.res] ==> ignore
=======
    arg [-plugin-opt=-fresolution=/tmp/ccfFdZQh.res] ==> ignore
>>>>>>> conflicts
    arg [-plugin-opt=-pass-through=-lgcc_s] ==> ignore
    arg [-plugin-opt=-pass-through=-lgcc] ==> ignore
    arg [-plugin-opt=-pass-through=-lc] ==> ignore
    arg [-plugin-opt=-pass-through=-lgcc_s] ==> ignore
    arg [-plugin-opt=-pass-through=-lgcc] ==> ignore
    arg [--sysroot=/] ==> ignore
    arg [--build-id] ==> ignore
    arg [--eh-frame-hdr] ==> ignore
    arg [-m] ==> ignore
    arg [elf_x86_64] ==> ignore
    arg [--hash-style=gnu] ==> ignore
    arg [--as-needed] ==> ignore
    arg [-export-dynamic] ==> ignore
    arg [-dynamic-linker] ==> ignore
    arg [/lib64/ld-linux-x86-64.so.2] ==> ignore
    arg [-zrelro] ==> ignore
    arg [-o] ==> ignore
<<<<<<< HEAD
    arg [cmTC_0f61a] ==> ignore
=======
    arg [cmTC_9fefd] ==> ignore
>>>>>>> conflicts
    arg [/usr/lib/gcc/x86_64-linux-gnu/5/../../../x86_64-linux-gnu/crt1.o] ==> ignore
    arg [/usr/lib/gcc/x86_64-linux-gnu/5/../../../x86_64-linux-gnu/crti.o] ==> ignore
    arg [/usr/lib/gcc/x86_64-linux-gnu/5/crtbegin.o] ==> ignore
    arg [-L/usr/lib/gcc/x86_64-linux-gnu/5] ==> dir [/usr/lib/gcc/x86_64-linux-gnu/5]
    arg [-L/usr/lib/gcc/x86_64-linux-gnu/5/../../../x86_64-linux-gnu] ==> dir [/usr/lib/gcc/x86_64-linux-gnu/5/../../../x86_64-linux-gnu]
    arg [-L/usr/lib/gcc/x86_64-linux-gnu/5/../../../../lib] ==> dir [/usr/lib/gcc/x86_64-linux-gnu/5/../../../../lib]
    arg [-L/lib/x86_64-linux-gnu] ==> dir [/lib/x86_64-linux-gnu]
    arg [-L/lib/../lib] ==> dir [/lib/../lib]
    arg [-L/usr/lib/x86_64-linux-gnu] ==> dir [/usr/lib/x86_64-linux-gnu]
    arg [-L/usr/lib/../lib] ==> dir [/usr/lib/../lib]
    arg [-L/usr/lib/gcc/x86_64-linux-gnu/5/../../..] ==> dir [/usr/lib/gcc/x86_64-linux-gnu/5/../../..]
<<<<<<< HEAD
    arg [CMakeFiles/cmTC_0f61a.dir/CMakeCXXCompilerABI.cpp.o] ==> ignore
=======
    arg [CMakeFiles/cmTC_9fefd.dir/CMakeCXXCompilerABI.cpp.o] ==> ignore
>>>>>>> conflicts
    arg [-lstdc++] ==> lib [stdc++]
    arg [-lm] ==> lib [m]
    arg [-lgcc_s] ==> lib [gcc_s]
    arg [-lgcc] ==> lib [gcc]
    arg [-lc] ==> lib [c]
    arg [-lgcc_s] ==> lib [gcc_s]
    arg [-lgcc] ==> lib [gcc]
    arg [/usr/lib/gcc/x86_64-linux-gnu/5/crtend.o] ==> ignore
    arg [/usr/lib/gcc/x86_64-linux-gnu/5/../../../x86_64-linux-gnu/crtn.o] ==> ignore
  remove lib [gcc_s]
  remove lib [gcc]
  remove lib [gcc_s]
  remove lib [gcc]
  collapse library dir [/usr/lib/gcc/x86_64-linux-gnu/5] ==> [/usr/lib/gcc/x86_64-linux-gnu/5]
  collapse library dir [/usr/lib/gcc/x86_64-linux-gnu/5/../../../x86_64-linux-gnu] ==> [/usr/lib/x86_64-linux-gnu]
  collapse library dir [/usr/lib/gcc/x86_64-linux-gnu/5/../../../../lib] ==> [/usr/lib]
  collapse library dir [/lib/x86_64-linux-gnu] ==> [/lib/x86_64-linux-gnu]
  collapse library dir [/lib/../lib] ==> [/lib]
  collapse library dir [/usr/lib/x86_64-linux-gnu] ==> [/usr/lib/x86_64-linux-gnu]
  collapse library dir [/usr/lib/../lib] ==> [/usr/lib]
  collapse library dir [/usr/lib/gcc/x86_64-linux-gnu/5/../../..] ==> [/usr/lib]
  implicit libs: [stdc++;m;c]
  implicit dirs: [/usr/lib/gcc/x86_64-linux-gnu/5;/usr/lib/x86_64-linux-gnu;/usr/lib;/lib/x86_64-linux-gnu;/lib]
  implicit fwks: []




Detecting CXX [-std=c++14] compiler features compiled with the following output:
Change Dir: /home/rtos-sim/Desktop/git-tutorial/CMakeFiles/CMakeTmp

<<<<<<< HEAD
Run Build Command:"/usr/bin/make" "cmTC_98b06/fast"
/usr/bin/make -f CMakeFiles/cmTC_98b06.dir/build.make CMakeFiles/cmTC_98b06.dir/build
make[1]: Entering directory '/home/rtos-sim/Desktop/git-tutorial/CMakeFiles/CMakeTmp'
Building CXX object CMakeFiles/cmTC_98b06.dir/feature_tests.cxx.o
/usr/bin/c++     -std=c++14 -o CMakeFiles/cmTC_98b06.dir/feature_tests.cxx.o -c /home/rtos-sim/Desktop/git-tutorial/CMakeFiles/feature_tests.cxx
Linking CXX executable cmTC_98b06
/usr/bin/cmake -E cmake_link_script CMakeFiles/cmTC_98b06.dir/link.txt --verbose=1
/usr/bin/c++        CMakeFiles/cmTC_98b06.dir/feature_tests.cxx.o  -o cmTC_98b06 -rdynamic 
=======
Run Build Command:"/usr/bin/make" "cmTC_ccc1c/fast"
/usr/bin/make -f CMakeFiles/cmTC_ccc1c.dir/build.make CMakeFiles/cmTC_ccc1c.dir/build
make[1]: Entering directory '/home/rtos-sim/Desktop/git-tutorial/CMakeFiles/CMakeTmp'
Building CXX object CMakeFiles/cmTC_ccc1c.dir/feature_tests.cxx.o
/usr/bin/c++     -std=c++14 -o CMakeFiles/cmTC_ccc1c.dir/feature_tests.cxx.o -c /home/rtos-sim/Desktop/git-tutorial/CMakeFiles/feature_tests.cxx
Linking CXX executable cmTC_ccc1c
/usr/bin/cmake -E cmake_link_script CMakeFiles/cmTC_ccc1c.dir/link.txt --verbose=1
/usr/bin/c++        CMakeFiles/cmTC_ccc1c.dir/feature_tests.cxx.o  -o cmTC_ccc1c -rdynamic 
>>>>>>> conflicts
make[1]: Leaving directory '/home/rtos-sim/Desktop/git-tutorial/CMakeFiles/CMakeTmp'


    Feature record: CXX_FEATURE:1cxx_aggregate_default_initializers
    Feature record: CXX_FEATURE:1cxx_alias_templates
    Feature record: CXX_FEATURE:1cxx_alignas
    Feature record: CXX_FEATURE:1cxx_alignof
    Feature record: CXX_FEATURE:1cxx_attributes
    Feature record: CXX_FEATURE:1cxx_attribute_deprecated
    Feature record: CXX_FEATURE:1cxx_auto_type
    Feature record: CXX_FEATURE:1cxx_binary_literals
    Feature record: CXX_FEATURE:1cxx_constexpr
    Feature record: CXX_FEATURE:1cxx_contextual_conversions
    Feature record: CXX_FEATURE:1cxx_decltype
    Feature record: CXX_FEATURE:1cxx_decltype_auto
    Feature record: CXX_FEATURE:1cxx_decltype_incomplete_return_types
    Feature record: CXX_FEATURE:1cxx_default_function_template_args
    Feature record: CXX_FEATURE:1cxx_defaulted_functions
    Feature record: CXX_FEATURE:1cxx_defaulted_move_initializers
    Feature record: CXX_FEATURE:1cxx_delegating_constructors
    Feature record: CXX_FEATURE:1cxx_deleted_functions
    Feature record: CXX_FEATURE:1cxx_digit_separators
    Feature record: CXX_FEATURE:1cxx_enum_forward_declarations
    Feature record: CXX_FEATURE:1cxx_explicit_conversions
    Feature record: CXX_FEATURE:1cxx_extended_friend_declarations
    Feature record: CXX_FEATURE:1cxx_extern_templates
    Feature record: CXX_FEATURE:1cxx_final
    Feature record: CXX_FEATURE:1cxx_func_identifier
    Feature record: CXX_FEATURE:1cxx_generalized_initializers
    Feature record: CXX_FEATURE:1cxx_generic_lambdas
    Feature record: CXX_FEATURE:1cxx_inheriting_constructors
    Feature record: CXX_FEATURE:1cxx_inline_namespaces
    Feature record: CXX_FEATURE:1cxx_lambdas
    Feature record: CXX_FEATURE:1cxx_lambda_init_captures
    Feature record: CXX_FEATURE:1cxx_local_type_template_args
    Feature record: CXX_FEATURE:1cxx_long_long_type
    Feature record: CXX_FEATURE:1cxx_noexcept
    Feature record: CXX_FEATURE:1cxx_nonstatic_member_init
    Feature record: CXX_FEATURE:1cxx_nullptr
    Feature record: CXX_FEATURE:1cxx_override
    Feature record: CXX_FEATURE:1cxx_range_for
    Feature record: CXX_FEATURE:1cxx_raw_string_literals
    Feature record: CXX_FEATURE:1cxx_reference_qualified_functions
    Feature record: CXX_FEATURE:1cxx_relaxed_constexpr
    Feature record: CXX_FEATURE:1cxx_return_type_deduction
    Feature record: CXX_FEATURE:1cxx_right_angle_brackets
    Feature record: CXX_FEATURE:1cxx_rvalue_references
    Feature record: CXX_FEATURE:1cxx_sizeof_member
    Feature record: CXX_FEATURE:1cxx_static_assert
    Feature record: CXX_FEATURE:1cxx_strong_enums
    Feature record: CXX_FEATURE:1cxx_template_template_parameters
    Feature record: CXX_FEATURE:1cxx_thread_local
    Feature record: CXX_FEATURE:1cxx_trailing_return_types
    Feature record: CXX_FEATURE:1cxx_unicode_literals
    Feature record: CXX_FEATURE:1cxx_uniform_initialization
    Feature record: CXX_FEATURE:1cxx_unrestricted_unions
    Feature record: CXX_FEATURE:1cxx_user_literals
    Feature record: CXX_FEATURE:1cxx_variable_templates
    Feature record: CXX_FEATURE:1cxx_variadic_macros
    Feature record: CXX_FEATURE:1cxx_variadic_templates


Detecting CXX [-std=c++11] compiler features compiled with the following output:
Change Dir: /home/rtos-sim/Desktop/git-tutorial/CMakeFiles/CMakeTmp

<<<<<<< HEAD
Run Build Command:"/usr/bin/make" "cmTC_992fc/fast"
/usr/bin/make -f CMakeFiles/cmTC_992fc.dir/build.make CMakeFiles/cmTC_992fc.dir/build
make[1]: Entering directory '/home/rtos-sim/Desktop/git-tutorial/CMakeFiles/CMakeTmp'
Building CXX object CMakeFiles/cmTC_992fc.dir/feature_tests.cxx.o
/usr/bin/c++     -std=c++11 -o CMakeFiles/cmTC_992fc.dir/feature_tests.cxx.o -c /home/rtos-sim/Desktop/git-tutorial/CMakeFiles/feature_tests.cxx
Linking CXX executable cmTC_992fc
/usr/bin/cmake -E cmake_link_script CMakeFiles/cmTC_992fc.dir/link.txt --verbose=1
/usr/bin/c++        CMakeFiles/cmTC_992fc.dir/feature_tests.cxx.o  -o cmTC_992fc -rdynamic 
=======
Run Build Command:"/usr/bin/make" "cmTC_0f080/fast"
/usr/bin/make -f CMakeFiles/cmTC_0f080.dir/build.make CMakeFiles/cmTC_0f080.dir/build
make[1]: Entering directory '/home/rtos-sim/Desktop/git-tutorial/CMakeFiles/CMakeTmp'
Building CXX object CMakeFiles/cmTC_0f080.dir/feature_tests.cxx.o
/usr/bin/c++     -std=c++11 -o CMakeFiles/cmTC_0f080.dir/feature_tests.cxx.o -c /home/rtos-sim/Desktop/git-tutorial/CMakeFiles/feature_tests.cxx
Linking CXX executable cmTC_0f080
/usr/bin/cmake -E cmake_link_script CMakeFiles/cmTC_0f080.dir/link.txt --verbose=1
/usr/bin/c++        CMakeFiles/cmTC_0f080.dir/feature_tests.cxx.o  -o cmTC_0f080 -rdynamic 
>>>>>>> conflicts
make[1]: Leaving directory '/home/rtos-sim/Desktop/git-tutorial/CMakeFiles/CMakeTmp'


    Feature record: CXX_FEATURE:0cxx_aggregate_default_initializers
    Feature record: CXX_FEATURE:1cxx_alias_templates
    Feature record: CXX_FEATURE:1cxx_alignas
    Feature record: CXX_FEATURE:1cxx_alignof
    Feature record: CXX_FEATURE:1cxx_attributes
    Feature record: CXX_FEATURE:0cxx_attribute_deprecated
    Feature record: CXX_FEATURE:1cxx_auto_type
    Feature record: CXX_FEATURE:0cxx_binary_literals
    Feature record: CXX_FEATURE:1cxx_constexpr
    Feature record: CXX_FEATURE:0cxx_contextual_conversions
    Feature record: CXX_FEATURE:1cxx_decltype
    Feature record: CXX_FEATURE:0cxx_decltype_auto
    Feature record: CXX_FEATURE:1cxx_decltype_incomplete_return_types
    Feature record: CXX_FEATURE:1cxx_default_function_template_args
    Feature record: CXX_FEATURE:1cxx_defaulted_functions
    Feature record: CXX_FEATURE:1cxx_defaulted_move_initializers
    Feature record: CXX_FEATURE:1cxx_delegating_constructors
    Feature record: CXX_FEATURE:1cxx_deleted_functions
    Feature record: CXX_FEATURE:0cxx_digit_separators
    Feature record: CXX_FEATURE:1cxx_enum_forward_declarations
    Feature record: CXX_FEATURE:1cxx_explicit_conversions
    Feature record: CXX_FEATURE:1cxx_extended_friend_declarations
    Feature record: CXX_FEATURE:1cxx_extern_templates
    Feature record: CXX_FEATURE:1cxx_final
    Feature record: CXX_FEATURE:1cxx_func_identifier
    Feature record: CXX_FEATURE:1cxx_generalized_initializers
    Feature record: CXX_FEATURE:0cxx_generic_lambdas
    Feature record: CXX_FEATURE:1cxx_inheriting_constructors
    Feature record: CXX_FEATURE:1cxx_inline_namespaces
    Feature record: CXX_FEATURE:1cxx_lambdas
    Feature record: CXX_FEATURE:0cxx_lambda_init_captures
    Feature record: CXX_FEATURE:1cxx_local_type_template_args
    Feature record: CXX_FEATURE:1cxx_long_long_type
    Feature record: CXX_FEATURE:1cxx_noexcept
    Feature record: CXX_FEATURE:1cxx_nonstatic_member_init
    Feature record: CXX_FEATURE:1cxx_nullptr
    Feature record: CXX_FEATURE:1cxx_override
    Feature record: CXX_FEATURE:1cxx_range_for
    Feature record: CXX_FEATURE:1cxx_raw_string_literals
    Feature record: CXX_FEATURE:1cxx_reference_qualified_functions
    Feature record: CXX_FEATURE:0cxx_relaxed_constexpr
    Feature record: CXX_FEATURE:0cxx_return_type_deduction
    Feature record: CXX_FEATURE:1cxx_right_angle_brackets
    Feature record: CXX_FEATURE:1cxx_rvalue_references
    Feature record: CXX_FEATURE:1cxx_sizeof_member
    Feature record: CXX_FEATURE:1cxx_static_assert
    Feature record: CXX_FEATURE:1cxx_strong_enums
    Feature record: CXX_FEATURE:1cxx_template_template_parameters
    Feature record: CXX_FEATURE:1cxx_thread_local
    Feature record: CXX_FEATURE:1cxx_trailing_return_types
    Feature record: CXX_FEATURE:1cxx_unicode_literals
    Feature record: CXX_FEATURE:1cxx_uniform_initialization
    Feature record: CXX_FEATURE:1cxx_unrestricted_unions
    Feature record: CXX_FEATURE:1cxx_user_literals
    Feature record: CXX_FEATURE:0cxx_variable_templates
    Feature record: CXX_FEATURE:1cxx_variadic_macros
    Feature record: CXX_FEATURE:1cxx_variadic_templates


Detecting CXX [-std=c++98] compiler features compiled with the following output:
Change Dir: /home/rtos-sim/Desktop/git-tutorial/CMakeFiles/CMakeTmp

<<<<<<< HEAD
Run Build Command:"/usr/bin/make" "cmTC_f3daa/fast"
/usr/bin/make -f CMakeFiles/cmTC_f3daa.dir/build.make CMakeFiles/cmTC_f3daa.dir/build
make[1]: Entering directory '/home/rtos-sim/Desktop/git-tutorial/CMakeFiles/CMakeTmp'
Building CXX object CMakeFiles/cmTC_f3daa.dir/feature_tests.cxx.o
/usr/bin/c++     -std=c++98 -o CMakeFiles/cmTC_f3daa.dir/feature_tests.cxx.o -c /home/rtos-sim/Desktop/git-tutorial/CMakeFiles/feature_tests.cxx
Linking CXX executable cmTC_f3daa
/usr/bin/cmake -E cmake_link_script CMakeFiles/cmTC_f3daa.dir/link.txt --verbose=1
/usr/bin/c++        CMakeFiles/cmTC_f3daa.dir/feature_tests.cxx.o  -o cmTC_f3daa -rdynamic 
=======
Run Build Command:"/usr/bin/make" "cmTC_3d998/fast"
/usr/bin/make -f CMakeFiles/cmTC_3d998.dir/build.make CMakeFiles/cmTC_3d998.dir/build
make[1]: Entering directory '/home/rtos-sim/Desktop/git-tutorial/CMakeFiles/CMakeTmp'
Building CXX object CMakeFiles/cmTC_3d998.dir/feature_tests.cxx.o
/usr/bin/c++     -std=c++98 -o CMakeFiles/cmTC_3d998.dir/feature_tests.cxx.o -c /home/rtos-sim/Desktop/git-tutorial/CMakeFiles/feature_tests.cxx
Linking CXX executable cmTC_3d998
/usr/bin/cmake -E cmake_link_script CMakeFiles/cmTC_3d998.dir/link.txt --verbose=1
/usr/bin/c++        CMakeFiles/cmTC_3d998.dir/feature_tests.cxx.o  -o cmTC_3d998 -rdynamic 
>>>>>>> conflicts
make[1]: Leaving directory '/home/rtos-sim/Desktop/git-tutorial/CMakeFiles/CMakeTmp'


    Feature record: CXX_FEATURE:0cxx_aggregate_default_initializers
    Feature record: CXX_FEATURE:0cxx_alias_templates
    Feature record: CXX_FEATURE:0cxx_alignas
    Feature record: CXX_FEATURE:0cxx_alignof
    Feature record: CXX_FEATURE:0cxx_attributes
    Feature record: CXX_FEATURE:0cxx_attribute_deprecated
    Feature record: CXX_FEATURE:0cxx_auto_type
    Feature record: CXX_FEATURE:0cxx_binary_literals
    Feature record: CXX_FEATURE:0cxx_constexpr
    Feature record: CXX_FEATURE:0cxx_contextual_conversions
    Feature record: CXX_FEATURE:0cxx_decltype
    Feature record: CXX_FEATURE:0cxx_decltype_auto
    Feature record: CXX_FEATURE:0cxx_decltype_incomplete_return_types
    Feature record: CXX_FEATURE:0cxx_default_function_template_args
    Feature record: CXX_FEATURE:0cxx_defaulted_functions
    Feature record: CXX_FEATURE:0cxx_defaulted_move_initializers
    Feature record: CXX_FEATURE:0cxx_delegating_constructors
    Feature record: CXX_FEATURE:0cxx_deleted_functions
    Feature record: CXX_FEATURE:0cxx_digit_separators
    Feature record: CXX_FEATURE:0cxx_enum_forward_declarations
    Feature record: CXX_FEATURE:0cxx_explicit_conversions
    Feature record: CXX_FEATURE:0cxx_extended_friend_declarations
    Feature record: CXX_FEATURE:0cxx_extern_templates
    Feature record: CXX_FEATURE:0cxx_final
    Feature record: CXX_FEATURE:0cxx_func_identifier
    Feature record: CXX_FEATURE:0cxx_generalized_initializers
    Feature record: CXX_FEATURE:0cxx_generic_lambdas
    Feature record: CXX_FEATURE:0cxx_inheriting_constructors
    Feature record: CXX_FEATURE:0cxx_inline_namespaces
    Feature record: CXX_FEATURE:0cxx_lambdas
    Feature record: CXX_FEATURE:0cxx_lambda_init_captures
    Feature record: CXX_FEATURE:0cxx_local_type_template_args
    Feature record: CXX_FEATURE:0cxx_long_long_type
    Feature record: CXX_FEATURE:0cxx_noexcept
    Feature record: CXX_FEATURE:0cxx_nonstatic_member_init
    Feature record: CXX_FEATURE:0cxx_nullptr
    Feature record: CXX_FEATURE:0cxx_override
    Feature record: CXX_FEATURE:0cxx_range_for
    Feature record: CXX_FEATURE:0cxx_raw_string_literals
    Feature record: CXX_FEATURE:0cxx_reference_qualified_functions
    Feature record: CXX_FEATURE:0cxx_relaxed_constexpr
    Feature record: CXX_FEATURE:0cxx_return_type_deduction
    Feature record: CXX_FEATURE:0cxx_right_angle_brackets
    Feature record: CXX_FEATURE:0cxx_rvalue_references
    Feature record: CXX_FEATURE:0cxx_sizeof_member
    Feature record: CXX_FEATURE:0cxx_static_assert
    Feature record: CXX_FEATURE:0cxx_strong_enums
    Feature record: CXX_FEATURE:1cxx_template_template_parameters
    Feature record: CXX_FEATURE:0cxx_thread_local
    Feature record: CXX_FEATURE:0cxx_trailing_return_types
    Feature record: CXX_FEATURE:0cxx_unicode_literals
    Feature record: CXX_FEATURE:0cxx_uniform_initialization
    Feature record: CXX_FEATURE:0cxx_unrestricted_unions
    Feature record: CXX_FEATURE:0cxx_user_literals
    Feature record: CXX_FEATURE:0cxx_variable_templates
    Feature record: CXX_FEATURE:0cxx_variadic_macros
    Feature record: CXX_FEATURE:0cxx_variadic_templates
